Using pre-set license
Built from '2020.3/staging' branch; Version is '2020.3.3f1 (76626098c1c4) revision 7758432'; Using compiler version '192528614'; Build Type 'Release'
OS: 'Windows 10 Pro; OS build 18362.657; Version 1903; 64bit' Language: 'ru' Physical Memory: 8155 MB
BatchMode: 1, IsHumanControllingUs: 0, StartBugReporterOnCrash: 0, Is64bit: 1, IsPro: 0

 COMMAND LINE ARGUMENTS:
D:\Unity\2020.3.3f1\Editor\Unity.exe
-adb2
-batchMode
-noUpm
-name
AssetImportWorker0
-projectPath
D:/Unity/LightSimulator
-logFile
Logs/AssetImportWorker0.log
-srvPort
63133
Successfully changed project path to: D:/Unity/LightSimulator
D:/Unity/LightSimulator
Using Asset Import Pipeline V2.
Refreshing native plugins compatible for Editor in 39.81 ms, found 0 plugins.
Preloading 0 native plugins for Editor in 0.00 ms.
Initialize engine version: 2020.3.3f1 (76626098c1c4)
[Subsystems] Discovering subsystems at path D:/Unity/2020.3.3f1/Editor/Data/Resources/UnitySubsystems
[Subsystems] Discovering subsystems at path D:/Unity/LightSimulator/Assets
GfxDevice: creating device client; threaded=0
Direct3D:
    Version:  Direct3D 11.0 [level 11.0]
    Renderer: NVIDIA GeForce GTX 560 Ti (ID=0x1200)
    Vendor:   
    VRAM:     979 MB
    Driver:   23.21.13.8813
Initialize mono
Mono path[0] = 'D:/Unity/2020.3.3f1/Editor/Data/Managed'
Mono path[1] = 'D:/Unity/2020.3.3f1/Editor/Data/MonoBleedingEdge/lib/mono/unityjit'
Mono config path = 'D:/Unity/2020.3.3f1/Editor/Data/MonoBleedingEdge/etc'
Using monoOptions --debugger-agent=transport=dt_socket,embedding=1,server=y,suspend=n,address=127.0.0.1:56596
Begin MonoManager ReloadAssembly
Registering precompiled unity dll's ...
Register platform support module: D:/Unity/2020.3.3f1/Editor/Data/PlaybackEngines/WebGLSupport/UnityEditor.WebGL.Extensions.dll
Register platform support module: D:/Unity/2020.3.3f1/Editor/Data/PlaybackEngines/WindowsStandaloneSupport/UnityEditor.WindowsStandalone.Extensions.dll
Registered in 0.003975 seconds.
Native extension for WindowsStandalone target not found
Native extension for WebGL target not found
Refreshing native plugins compatible for Editor in 81.96 ms, found 0 plugins.
Preloading 0 native plugins for Editor in 0.00 ms.
Invoked RoslynAnalysisRunner static constructor.
RoslynAnalysisRunner will not be running.
RoslynAnalysisRunner has terminated.
Mono: successfully reloaded assembly
- Completed reload, in  2.259 seconds
Platform modules already initialized, skipping
Registering precompiled user dll's ...
Registered in 0.016773 seconds.
Begin MonoManager ReloadAssembly
Native extension for WindowsStandalone target not found
Native extension for WebGL target not found
Refreshing native plugins compatible for Editor in 0.29 ms, found 0 plugins.
Preloading 0 native plugins for Editor in 0.00 ms.
Invoked RoslynAnalysisRunner static constructor.
RoslynAnalysisRunner will not be running.
RoslynAnalysisRunner has terminated.
Mono: successfully reloaded assembly
- Completed reload, in  1.590 seconds
Platform modules already initialized, skipping
========================================================================
Worker process is ready to serve import requests
Launched and connected shader compiler UnityShaderCompiler.exe after 0.08 seconds
Refreshing native plugins compatible for Editor in 0.31 ms, found 0 plugins.
Preloading 0 native plugins for Editor in 0.00 ms.
Unloading 1128 Unused Serialized files (Serialized files now loaded: 0)
System memory in use before: 65.1 MB.
System memory in use after: 65.2 MB.

Unloading 10 unused Assets to reduce memory usage. Loaded Objects now: 1571.
Total: 1.978600 ms (FindLiveObjects: 0.156500 ms CreateObjectMapping: 0.052000 ms MarkObjects: 1.643100 ms  DeleteObjects: 0.125200 ms)

========================================================================
Received Import Request.
  path: Assets/Scripts/Keys.cs
  artifactKey: Guid(e5ba49d25f0860840a81b2604f50abc1) Importer(815301076,1909f56bfc062723c751e8b465ee728b)
Start importing Assets/Scripts/Keys.cs using Guid(e5ba49d25f0860840a81b2604f50abc1) Importer(815301076,1909f56bfc062723c751e8b465ee728b)  -> (artifact id: '008c110502aa2b19887d6e70a2bc3150') in 0.033282 seconds
  Import took 0.122666 seconds .

========================================================================
Received Prepare
Refreshing native plugins compatible for Editor in 2.67 ms, found 0 plugins.
Preloading 0 native plugins for Editor in 0.00 ms.
Unloading 4 Unused Serialized files (Serialized files now loaded: 0)
System memory in use before: 42.2 MB.
System memory in use after: 42.3 MB.

Unloading 3 unused Assets to reduce memory usage. Loaded Objects now: 1572.
Total: 2.882900 ms (FindLiveObjects: 0.199500 ms CreateObjectMapping: 0.066200 ms MarkObjects: 2.516400 ms  DeleteObjects: 0.098100 ms)

========================================================================
Received Import Request.
  Time since last request: 828.751792 seconds.
  path: Assets/Scripts/LightCommutator.cs
  artifactKey: Guid(68560129b52a72f4dbab88c63ab4f07a) Importer(815301076,1909f56bfc062723c751e8b465ee728b)
Start importing Assets/Scripts/LightCommutator.cs using Guid(68560129b52a72f4dbab88c63ab4f07a) Importer(815301076,1909f56bfc062723c751e8b465ee728b)  -> (artifact id: '86bb3ef192d71320f4649667a6edc060') in 0.014928 seconds
  Import took 0.022176 seconds .

========================================================================
Received Import Request.
  Time since last request: 0.003802 seconds.
  path: Assets/Scripts/LightCommutator.cs
  artifactKey: Guid(68560129b52a72f4dbab88c63ab4f07a) Importer(815301076,1909f56bfc062723c751e8b465ee728b)
Start importing Assets/Scripts/LightCommutator.cs using Guid(68560129b52a72f4dbab88c63ab4f07a) Importer(815301076,1909f56bfc062723c751e8b465ee728b)  -> (artifact id: '86bb3ef192d71320f4649667a6edc060') in 0.005178 seconds
  Import took 0.009370 seconds .

========================================================================
Received Prepare
Registering precompiled user dll's ...
Registered in 0.007625 seconds.
Begin MonoManager ReloadAssembly
Native extension for WindowsStandalone target not found
Native extension for WebGL target not found
Refreshing native plugins compatible for Editor in 0.31 ms, found 0 plugins.
Preloading 0 native plugins for Editor in 0.00 ms.
Invoked RoslynAnalysisRunner static constructor.
RoslynAnalysisRunner will not be running.
RoslynAnalysisRunner has terminated.
Mono: successfully reloaded assembly
- Completed reload, in  1.628 seconds
Platform modules already initialized, skipping
Refreshing native plugins compatible for Editor in 0.43 ms, found 0 plugins.
Preloading 0 native plugins for Editor in 0.00 ms.
Unloading 1118 Unused Serialized files (Serialized files now loaded: 0)
System memory in use before: 64.5 MB.
System memory in use after: 64.5 MB.

Unloading 5 unused Assets to reduce memory usage. Loaded Objects now: 1575.
Total: 3.753500 ms (FindLiveObjects: 0.301600 ms CreateObjectMapping: 0.130800 ms MarkObjects: 3.194700 ms  DeleteObjects: 0.123600 ms)

========================================================================
Received Prepare
Registering precompiled user dll's ...
Registered in 0.002186 seconds.
Begin MonoManager ReloadAssembly
Native extension for WindowsStandalone target not found
Native extension for WebGL target not found
Refreshing native plugins compatible for Editor in 0.29 ms, found 0 plugins.
Preloading 0 native plugins for Editor in 0.00 ms.
Invoked RoslynAnalysisRunner static constructor.
RoslynAnalysisRunner will not be running.
RoslynAnalysisRunner has terminated.
Mono: successfully reloaded assembly
- Completed reload, in  1.930 seconds
Platform modules already initialized, skipping
Refreshing native plugins compatible for Editor in 0.55 ms, found 0 plugins.
Preloading 0 native plugins for Editor in 0.00 ms.
Unloading 1118 Unused Serialized files (Serialized files now loaded: 0)
System memory in use before: 64.5 MB.
System memory in use after: 64.6 MB.

Unloading 5 unused Assets to reduce memory usage. Loaded Objects now: 1578.
Total: 4.443900 ms (FindLiveObjects: 0.365100 ms CreateObjectMapping: 0.145800 ms MarkObjects: 3.681900 ms  DeleteObjects: 0.247900 ms)

========================================================================
Received Prepare
Registering precompiled user dll's ...
Registered in 0.001934 seconds.
Begin MonoManager ReloadAssembly
Native extension for WindowsStandalone target not found
Native extension for WebGL target not found
Refreshing native plugins compatible for Editor in 0.37 ms, found 0 plugins.
Preloading 0 native plugins for Editor in 0.00 ms.
Invoked RoslynAnalysisRunner static constructor.
RoslynAnalysisRunner will not be running.
RoslynAnalysisRunner has terminated.
Mono: successfully reloaded assembly
- Completed reload, in  1.920 seconds
Platform modules already initialized, skipping
Refreshing native plugins compatible for Editor in 0.38 ms, found 0 plugins.
Preloading 0 native plugins for Editor in 0.00 ms.
Unloading 1118 Unused Serialized files (Serialized files now loaded: 0)
System memory in use before: 64.5 MB.
System memory in use after: 64.6 MB.

Unloading 5 unused Assets to reduce memory usage. Loaded Objects now: 1581.
Total: 3.781300 ms (FindLiveObjects: 0.310800 ms CreateObjectMapping: 0.182600 ms MarkObjects: 3.167500 ms  DeleteObjects: 0.117900 ms)

========================================================================
Received Import Request.
  Time since last request: 407.954201 seconds.
  path: Assets/Scripts/ChannelScript.cs
  artifactKey: Guid(4568bb0184053c5449585f98a2253d1d) Importer(815301076,1909f56bfc062723c751e8b465ee728b)
Start importing Assets/Scripts/ChannelScript.cs using Guid(4568bb0184053c5449585f98a2253d1d) Importer(815301076,1909f56bfc062723c751e8b465ee728b)  -> (artifact id: '01b2ec80769170a2ac347230a8f4b641') in 0.056177 seconds
  Import took 0.066008 seconds .

========================================================================
Received Import Request.
  Time since last request: 0.002698 seconds.
  path: Assets/Scripts/ChannelScript.cs
  artifactKey: Guid(4568bb0184053c5449585f98a2253d1d) Importer(815301076,1909f56bfc062723c751e8b465ee728b)
Start importing Assets/Scripts/ChannelScript.cs using Guid(4568bb0184053c5449585f98a2253d1d) Importer(815301076,1909f56bfc062723c751e8b465ee728b)  -> (artifact id: '01b2ec80769170a2ac347230a8f4b641') in 0.016341 seconds
  Import took 0.024527 seconds .

========================================================================
Received Prepare
Registering precompiled user dll's ...
Registered in 0.002271 seconds.
Begin MonoManager ReloadAssembly
Native extension for WindowsStandalone target not found
Native extension for WebGL target not found
Refreshing native plugins compatible for Editor in 0.32 ms, found 0 plugins.
Preloading 0 native plugins for Editor in 0.00 ms.
Invoked RoslynAnalysisRunner static constructor.
RoslynAnalysisRunner will not be running.
RoslynAnalysisRunner has terminated.
Mono: successfully reloaded assembly
- Completed reload, in  1.818 seconds
Platform modules already initialized, skipping
Refreshing native plugins compatible for Editor in 0.37 ms, found 0 plugins.
Preloading 0 native plugins for Editor in 0.00 ms.
Unloading 1119 Unused Serialized files (Serialized files now loaded: 0)
System memory in use before: 64.5 MB.
System memory in use after: 64.6 MB.

Unloading 5 unused Assets to reduce memory usage. Loaded Objects now: 1585.
Total: 2.342300 ms (FindLiveObjects: 0.289200 ms CreateObjectMapping: 0.111000 ms MarkObjects: 1.856900 ms  DeleteObjects: 0.082800 ms)

========================================================================
Received Import Request.
  Time since last request: 104.318338 seconds.
  path: Assets/Scripts/ChannelScript.cs
  artifactKey: Guid(4568bb0184053c5449585f98a2253d1d) Importer(815301076,1909f56bfc062723c751e8b465ee728b)
Start importing Assets/Scripts/ChannelScript.cs using Guid(4568bb0184053c5449585f98a2253d1d) Importer(815301076,1909f56bfc062723c751e8b465ee728b)  -> (artifact id: 'a91a560bed1db96d0bacecbeb406d818') in 0.009297 seconds
  Import took 0.013341 seconds .

========================================================================
Received Prepare
Registering precompiled user dll's ...
Registered in 0.001732 seconds.
Begin MonoManager ReloadAssembly
Native extension for WindowsStandalone target not found
Native extension for WebGL target not found
Refreshing native plugins compatible for Editor in 0.42 ms, found 0 plugins.
Preloading 0 native plugins for Editor in 0.00 ms.
Invoked RoslynAnalysisRunner static constructor.
RoslynAnalysisRunner will not be running.
RoslynAnalysisRunner has terminated.
Mono: successfully reloaded assembly
- Completed reload, in  1.868 seconds
Platform modules already initialized, skipping
Refreshing native plugins compatible for Editor in 0.35 ms, found 0 plugins.
Preloading 0 native plugins for Editor in 0.00 ms.
Unloading 1119 Unused Serialized files (Serialized files now loaded: 0)
System memory in use before: 64.5 MB.
System memory in use after: 64.6 MB.

Unloading 5 unused Assets to reduce memory usage. Loaded Objects now: 1588.
Total: 3.059600 ms (FindLiveObjects: 0.341500 ms CreateObjectMapping: 0.089100 ms MarkObjects: 2.543100 ms  DeleteObjects: 0.084000 ms)

========================================================================
Received Import Request.
  Time since last request: 88.924755 seconds.
  path: Assets/Scripts/Channel.cs
  artifactKey: Guid(e44128c8015870246a304494f1e863c7) Importer(815301076,1909f56bfc062723c751e8b465ee728b)
Start importing Assets/Scripts/Channel.cs using Guid(e44128c8015870246a304494f1e863c7) Importer(815301076,1909f56bfc062723c751e8b465ee728b)  -> (artifact id: '2c9781f714a522c14a4a9b9cda289133') in 0.013308 seconds
  Import took 0.018232 seconds .

========================================================================
Received Prepare
Registering precompiled user dll's ...
Registered in 0.002424 seconds.
Begin MonoManager ReloadAssembly
Native extension for WindowsStandalone target not found
Native extension for WebGL target not found
Refreshing native plugins compatible for Editor in 0.42 ms, found 0 plugins.
Preloading 0 native plugins for Editor in 0.00 ms.
Invoked RoslynAnalysisRunner static constructor.
RoslynAnalysisRunner will not be running.
RoslynAnalysisRunner has terminated.
Mono: successfully reloaded assembly
- Completed reload, in  1.891 seconds
Platform modules already initialized, skipping
Refreshing native plugins compatible for Editor in 0.37 ms, found 0 plugins.
Preloading 0 native plugins for Editor in 0.00 ms.
Unloading 1118 Unused Serialized files (Serialized files now loaded: 0)
System memory in use before: 64.5 MB.
System memory in use after: 64.6 MB.

Unloading 6 unused Assets to reduce memory usage. Loaded Objects now: 1590.
Total: 3.098800 ms (FindLiveObjects: 0.305500 ms CreateObjectMapping: 0.111500 ms MarkObjects: 2.525700 ms  DeleteObjects: 0.153600 ms)

========================================================================
Received Import Request.
  Time since last request: 117.411045 seconds.
  path: Assets/Universal/Line.prefab
  artifactKey: Guid(454b97855b56074449798fa029e71536) Importer(815301076,1909f56bfc062723c751e8b465ee728b)
Start importing Assets/Universal/Line.prefab using Guid(454b97855b56074449798fa029e71536) Importer(815301076,1909f56bfc062723c751e8b465ee728b)  -> (artifact id: '7ea1783c7352a2bd6565a7e7a782f5b3') in 0.099933 seconds
  Import took 0.104308 seconds .

========================================================================
Received Import Request.
  Time since last request: 3.709443 seconds.
  path: Assets/Universal/Channel_01.prefab
  artifactKey: Guid(603b10ff213ea3a4884d135fcb32dd53) Importer(815301076,1909f56bfc062723c751e8b465ee728b)
Start importing Assets/Universal/Channel_01.prefab using Guid(603b10ff213ea3a4884d135fcb32dd53) Importer(815301076,1909f56bfc062723c751e8b465ee728b)  -> (artifact id: 'affffd4f6766e782561943cb387c81df') in 0.009455 seconds
  Import took 0.014416 seconds .

========================================================================
Received Import Request.
  Time since last request: 0.029065 seconds.
  path: Assets/Universal/Channel_01.prefab
  artifactKey: Guid(603b10ff213ea3a4884d135fcb32dd53) Importer(815301076,1909f56bfc062723c751e8b465ee728b)
Start importing Assets/Universal/Channel_01.prefab using Guid(603b10ff213ea3a4884d135fcb32dd53) Importer(815301076,1909f56bfc062723c751e8b465ee728b)  -> (artifact id: 'affffd4f6766e782561943cb387c81df') in 0.015968 seconds
  Import took 0.020045 seconds .

========================================================================
Received Import Request.
  Time since last request: 10.913047 seconds.
  path: Assets/Universal/Channel_01.prefab
  artifactKey: Guid(603b10ff213ea3a4884d135fcb32dd53) Importer(815301076,1909f56bfc062723c751e8b465ee728b)
Start importing Assets/Universal/Channel_01.prefab using Guid(603b10ff213ea3a4884d135fcb32dd53) Importer(815301076,1909f56bfc062723c751e8b465ee728b)  -> (artifact id: 'cd2131a218b356d59cc18df9f25897a1') in 0.013363 seconds
  Import took 0.018922 seconds .

========================================================================
Received Import Request.
  Time since last request: 1.148369 seconds.
  path: Assets/Universal/Channel_01.prefab
  artifactKey: Guid(603b10ff213ea3a4884d135fcb32dd53) Importer(815301076,1909f56bfc062723c751e8b465ee728b)
Start importing Assets/Universal/Channel_01.prefab using Guid(603b10ff213ea3a4884d135fcb32dd53) Importer(815301076,1909f56bfc062723c751e8b465ee728b)  -> (artifact id: '6176c16b34d2f7586d13ed04ed7697b9') in 0.006616 seconds
  Import took 0.010500 seconds .

========================================================================
Received Import Request.
  Time since last request: 1.012874 seconds.
  path: Assets/Universal/Channel_01.prefab
  artifactKey: Guid(603b10ff213ea3a4884d135fcb32dd53) Importer(815301076,1909f56bfc062723c751e8b465ee728b)
Start importing Assets/Universal/Channel_01.prefab using Guid(603b10ff213ea3a4884d135fcb32dd53) Importer(815301076,1909f56bfc062723c751e8b465ee728b)  -> (artifact id: '676d135dd5ca198cb9fc362b27e8f3ab') in 0.008643 seconds
  Import took 0.013011 seconds .

========================================================================
Received Import Request.
  Time since last request: 0.792730 seconds.
  path: Assets/Universal/Channel_01.prefab
  artifactKey: Guid(603b10ff213ea3a4884d135fcb32dd53) Importer(815301076,1909f56bfc062723c751e8b465ee728b)
Start importing Assets/Universal/Channel_01.prefab using Guid(603b10ff213ea3a4884d135fcb32dd53) Importer(815301076,1909f56bfc062723c751e8b465ee728b)  -> (artifact id: '2bf2ed575cdf12792d647486b9c76b39') in 0.008124 seconds
  Import took 0.013340 seconds .

========================================================================
Received Import Request.
  Time since last request: 0.797159 seconds.
  path: Assets/Universal/Channel_01.prefab
  artifactKey: Guid(603b10ff213ea3a4884d135fcb32dd53) Importer(815301076,1909f56bfc062723c751e8b465ee728b)
Start importing Assets/Universal/Channel_01.prefab using Guid(603b10ff213ea3a4884d135fcb32dd53) Importer(815301076,1909f56bfc062723c751e8b465ee728b)  -> (artifact id: '1afc7b048e81d74ff9b1842fde40bfc2') in 0.007346 seconds
  Import took 0.010508 seconds .

========================================================================
Received Import Request.
  Time since last request: 9.262787 seconds.
  path: Assets/Universal/Channel.prefab
  artifactKey: Guid(603b10ff213ea3a4884d135fcb32dd53) Importer(815301076,1909f56bfc062723c751e8b465ee728b)
Start importing Assets/Universal/Channel.prefab using Guid(603b10ff213ea3a4884d135fcb32dd53) Importer(815301076,1909f56bfc062723c751e8b465ee728b)  -> (artifact id: 'bf79b526a9d31016c7722fc15a15a7fe') in 0.017750 seconds
  Import took 0.021651 seconds .

========================================================================
Received Prepare
Registering precompiled user dll's ...
Registered in 0.002689 seconds.
Begin MonoManager ReloadAssembly
Native extension for WindowsStandalone target not found
Native extension for WebGL target not found
Refreshing native plugins compatible for Editor in 0.31 ms, found 0 plugins.
Preloading 0 native plugins for Editor in 0.00 ms.
Invoked RoslynAnalysisRunner static constructor.
RoslynAnalysisRunner will not be running.
RoslynAnalysisRunner has terminated.
Mono: successfully reloaded assembly
- Completed reload, in  1.137 seconds
Platform modules already initialized, skipping
Refreshing native plugins compatible for Editor in 0.27 ms, found 0 plugins.
Preloading 0 native plugins for Editor in 0.00 ms.
Unloading 1118 Unused Serialized files (Serialized files now loaded: 0)
System memory in use before: 64.5 MB.
System memory in use after: 64.6 MB.

Unloading 5 unused Assets to reduce memory usage. Loaded Objects now: 1593.
Total: 1.994500 ms (FindLiveObjects: 0.151400 ms CreateObjectMapping: 0.049000 ms MarkObjects: 1.699200 ms  DeleteObjects: 0.093200 ms)

========================================================================
Received Prepare
Registering precompiled user dll's ...
Registered in 0.002411 seconds.
Begin MonoManager ReloadAssembly
Native extension for WindowsStandalone target not found
Native extension for WebGL target not found
Refreshing native plugins compatible for Editor in 0.41 ms, found 0 plugins.
Preloading 0 native plugins for Editor in 0.00 ms.
Invoked RoslynAnalysisRunner static constructor.
RoslynAnalysisRunner will not be running.
RoslynAnalysisRunner has terminated.
Mono: successfully reloaded assembly
- Completed reload, in  1.248 seconds
Platform modules already initialized, skipping
Refreshing native plugins compatible for Editor in 0.44 ms, found 0 plugins.
Preloading 0 native plugins for Editor in 0.00 ms.
Unloading 1118 Unused Serialized files (Serialized files now loaded: 0)
System memory in use before: 64.6 MB.
System memory in use after: 64.6 MB.

Unloading 5 unused Assets to reduce memory usage. Loaded Objects now: 1596.
Total: 3.987300 ms (FindLiveObjects: 0.314500 ms CreateObjectMapping: 0.128400 ms MarkObjects: 3.423000 ms  DeleteObjects: 0.119200 ms)

========================================================================
Received Prepare
Registering precompiled user dll's ...
Registered in 0.001527 seconds.
Begin MonoManager ReloadAssembly
Native extension for WindowsStandalone target not found
Native extension for WebGL target not found
Refreshing native plugins compatible for Editor in 0.27 ms, found 0 plugins.
Preloading 0 native plugins for Editor in 0.00 ms.
Invoked RoslynAnalysisRunner static constructor.
RoslynAnalysisRunner will not be running.
RoslynAnalysisRunner has terminated.
Mono: successfully reloaded assembly
- Completed reload, in  1.146 seconds
Platform modules already initialized, skipping
Refreshing native plugins compatible for Editor in 0.28 ms, found 0 plugins.
Preloading 0 native plugins for Editor in 0.00 ms.
Unloading 1118 Unused Serialized files (Serialized files now loaded: 0)
System memory in use before: 64.6 MB.
System memory in use after: 64.6 MB.

Unloading 5 unused Assets to reduce memory usage. Loaded Objects now: 1599.
Total: 2.430500 ms (FindLiveObjects: 0.182100 ms CreateObjectMapping: 0.126100 ms MarkObjects: 2.035500 ms  DeleteObjects: 0.085400 ms)

AssetImportWorkerClient::OnTransportError - code=2 error=End of file
